2025-08-19 16:50:04,899 levelERROR marker= logger=o.s.boot.SpringApplication msg="Application run failed" traceId= spanId= java.lang.IllegalStateException: java.lang.IllegalStateException: Logback configuration error detected: 
ERROR in ch.qos.logback.core.model.processor.ImplicitModelHandler - Could not create component [filter] of type [ch.qos.logback.classic.filter.MarkerFilter] java.lang.ClassNotFoundException: ch.qos.logback.classic.filter.MarkerFilter
ERROR in ch.qos.logback.core.model.processor.ImplicitModelHandler - Could not create component [filter] of type [ch.qos.logback.classic.filter.MarkerFilter] java.lang.ClassNotFoundException: ch.qos.logback.classic.filter.MarkerFilter
	at org.springframework.boot.context.logging.LoggingApplicationListener.initializeSystem(LoggingApplicationListener.java:347)
	at org.springframework.boot.context.logging.LoggingApplicationListener.initialize(LoggingApplicationListener.java:298)
	at org.springframework.boot.context.logging.LoggingApplicationListener.onApplicationEnvironmentPreparedEvent(LoggingApplicationListener.java:246)
	at org.springframework.boot.context.logging.LoggingApplicationListener.onApplicationEvent(LoggingApplicationListener.java:223)
	at org.springframework.context.event.SimpleApplicationEventMulticaster.doInvokeListener(SimpleApplicationEventMulticaster.java:185)
	at org.springframework.context.event.SimpleApplicationEventMulticaster.invokeListener(SimpleApplicationEventMulticaster.java:178)
	at org.springframework.context.event.SimpleApplicationEventMulticaster.multicastEvent(SimpleApplicationEventMulticaster.java:156)
	at org.springframework.context.event.SimpleApplicationEventMulticaster.multicastEvent(SimpleApplicationEventMulticaster.java:138)
	at org.springframework.boot.context.event.EventPublishingRunListener.multicastInitialEvent(EventPublishingRunListener.java:136)
	at org.springframework.boot.context.event.EventPublishingRunListener.environmentPrepared(EventPublishingRunListener.java:81)
	at org.springframework.boot.SpringApplicationRunListeners.lambda$environmentPrepared$2(SpringApplicationRunListeners.java:64)
	at java.base/java.lang.Iterable.forEach(Iterable.java:75)
	at org.springframework.boot.SpringApplicationRunListeners.doWithListeners(SpringApplicationRunListeners.java:118)
	at org.springframework.boot.SpringApplicationRunListeners.doWithListeners(SpringApplicationRunListeners.java:112)
	at org.springframework.boot.SpringApplicationRunListeners.environmentPrepared(SpringApplicationRunListeners.java:63)
	at org.springframework.boot.SpringApplication.prepareEnvironment(SpringApplication.java:353)
	at org.springframework.boot.SpringApplication.run(SpringApplication.java:313)
	at org.springframework.boot.SpringApplication.run(SpringApplication.java:1361)
	at org.springframework.boot.SpringApplication.run(SpringApplication.java:1350)
	at com.shop.userservice.UserServiceApplication.main(UserServiceApplication.java:10)
Caused by: java.lang.IllegalStateException: Logback configuration error detected: 
ERROR in ch.qos.logback.core.model.processor.ImplicitModelHandler - Could not create component [filter] of type [ch.qos.logback.classic.filter.MarkerFilter] java.lang.ClassNotFoundException: ch.qos.logback.classic.filter.MarkerFilter
ERROR in ch.qos.logback.core.model.processor.ImplicitModelHandler - Could not create component [filter] of type [ch.qos.logback.classic.filter.MarkerFilter] java.lang.ClassNotFoundException: ch.qos.logback.classic.filter.MarkerFilter
	at org.springframework.boot.logging.logback.LogbackLoggingSystem.reportConfigurationErrorsIfNecessary(LogbackLoggingSystem.java:289)
	at org.springframework.boot.logging.logback.LogbackLoggingSystem.loadConfiguration(LogbackLoggingSystem.java:267)
	at org.springframework.boot.logging.AbstractLoggingSystem.initializeWithConventions(AbstractLoggingSystem.java:81)
	at org.springframework.boot.logging.AbstractLoggingSystem.initialize(AbstractLoggingSystem.java:61)
	at org.springframework.boot.logging.logback.LogbackLoggingSystem.initialize(LogbackLoggingSystem.java:195)
	at org.springframework.boot.context.logging.LoggingApplicationListener.initializeSystem(LoggingApplicationListener.java:332)
	... 19 common frames omitted
	Suppressed: java.lang.ClassNotFoundException: ch.qos.logback.classic.filter.MarkerFilter
		at java.base/jdk.internal.loader.BuiltinClassLoader.loadClass(BuiltinClassLoader.java:641)
		at java.base/jdk.internal.loader.ClassLoaders$AppClassLoader.loadClass(ClassLoaders.java:188)
		at java.base/java.lang.ClassLoader.loadClass(ClassLoader.java:525)
		at ch.qos.logback.core.util.Loader.loadClass(Loader.java:116)
		at ch.qos.logback.core.model.processor.ImplicitModelHandler.doComplex(ImplicitModelHandler.java:134)
		at ch.qos.logback.core.model.processor.ImplicitModelHandler.handle(ImplicitModelHandler.java:94)
		at ch.qos.logback.core.model.processor.DefaultProcessor.secondPhaseTraverse(DefaultProcessor.java:241)
		at ch.qos.logback.core.model.processor.DefaultProcessor.secondPhaseTraverse(DefaultProcessor.java:253)
		at ch.qos.logback.core.model.processor.DefaultProcessor.secondPhaseTraverse(DefaultProcessor.java:253)
		at ch.qos.logback.core.model.processor.DefaultProcessor.traversalLoop(DefaultProcessor.java:90)
		at ch.qos.logback.core.model.processor.DefaultProcessor.process(DefaultProcessor.java:106)
		at ch.qos.logback.core.joran.GenericXMLConfigurator.processModel(GenericXMLConfigurator.java:222)
		at ch.qos.logback.core.joran.GenericXMLConfigurator.doConfigure(GenericXMLConfigurator.java:178)
		at ch.qos.logback.core.joran.GenericXMLConfigurator.doConfigure(GenericXMLConfigurator.java:123)
		at ch.qos.logback.core.joran.GenericXMLConfigurator.doConfigure(GenericXMLConfigurator.java:66)
		at ch.qos.logback.classic.util.DefaultJoranConfigurator.configureByResource(DefaultJoranConfigurator.java:68)
		at ch.qos.logback.classic.util.DefaultJoranConfigurator.configure(DefaultJoranConfigurator.java:35)
		at ch.qos.logback.classic.util.ContextInitializer.invokeConfigure(ContextInitializer.java:142)
		at ch.qos.logback.classic.util.ContextInitializer.autoConfig(ContextInitializer.java:101)
		at ch.qos.logback.classic.util.ContextInitializer.autoConfig(ContextInitializer.java:67)
		at ch.qos.logback.classic.spi.LogbackServiceProvider.initializeLoggerContext(LogbackServiceProvider.java:51)
		at ch.qos.logback.classic.spi.LogbackServiceProvider.initialize(LogbackServiceProvider.java:44)
		at org.slf4j.LoggerFactory.bind(LoggerFactory.java:201)
		at org.slf4j.LoggerFactory.performInitialization(LoggerFactory.java:187)
		at org.slf4j.LoggerFactory.getProvider(LoggerFactory.java:511)
		at org.slf4j.LoggerFactory.getILoggerFactory(LoggerFactory.java:497)
		at org.slf4j.LoggerFactory.getLogger(LoggerFactory.java:446)
		at org.apache.commons.logging.LogAdapter$Slf4jAdapter.createLocationAwareLog(LogAdapter.java:121)
		at org.apache.commons.logging.LogAdapter.createLog(LogAdapter.java:95)
		at org.apache.commons.logging.LogFactory.getLog(LogFactory.java:67)
		at org.apache.commons.logging.LogFactory.getLog(LogFactory.java:59)
		at org.springframework.boot.SpringApplication.<clinit>(SpringApplication.java:202)
		... 1 common frames omitted
	Suppressed: java.lang.ClassNotFoundException: ch.qos.logback.classic.filter.MarkerFilter
		at java.base/jdk.internal.loader.BuiltinClassLoader.loadClass(BuiltinClassLoader.java:641)
		at java.base/jdk.internal.loader.ClassLoaders$AppClassLoader.loadClass(ClassLoaders.java:188)
		at java.base/java.lang.ClassLoader.loadClass(ClassLoader.java:525)
		at ch.qos.logback.core.util.Loader.loadClass(Loader.java:116)
		at ch.qos.logback.core.model.processor.ImplicitModelHandler.doComplex(ImplicitModelHandler.java:134)
		at ch.qos.logback.core.model.processor.ImplicitModelHandler.handle(ImplicitModelHandler.java:94)
		at ch.qos.logback.core.model.processor.DefaultProcessor.secondPhaseTraverse(DefaultProcessor.java:241)
		at ch.qos.logback.core.model.processor.DefaultProcessor.secondPhaseTraverse(DefaultProcessor.java:253)
		at ch.qos.logback.core.model.processor.DefaultProcessor.secondPhaseTraverse(DefaultProcessor.java:253)
		at ch.qos.logback.core.model.processor.DefaultProcessor.traversalLoop(DefaultProcessor.java:90)
		at ch.qos.logback.core.model.processor.DefaultProcessor.process(DefaultProcessor.java:106)
		at ch.qos.logback.core.joran.GenericXMLConfigurator.processModel(GenericXMLConfigurator.java:222)
		at org.springframework.boot.logging.logback.SpringBootJoranConfigurator.processModel(SpringBootJoranConfigurator.java:136)
		at ch.qos.logback.core.joran.GenericXMLConfigurator.doConfigure(GenericXMLConfigurator.java:178)
		at ch.qos.logback.core.joran.GenericXMLConfigurator.doConfigure(GenericXMLConfigurator.java:123)
		at ch.qos.logback.core.joran.GenericXMLConfigurator.doConfigure(GenericXMLConfigurator.java:66)
		at org.springframework.boot.logging.logback.LogbackLoggingSystem.configureByResourceUrl(LogbackLoggingSystem.java:298)
		at org.springframework.boot.logging.logback.LogbackLoggingSystem.lambda$loadConfiguration$2(LogbackLoggingSystem.java:260)
		at org.springframework.boot.logging.logback.LogbackLoggingSystem.withLoggingSuppressed(LogbackLoggingSystem.java:481)
		at org.springframework.boot.logging.logback.LogbackLoggingSystem.loadConfiguration(LogbackLoggingSystem.java:252)
		... 23 common frames omitted

2025-08-19 16:58:30,354 levelERROR marker= logger=o.s.boot.SpringApplication msg="Application run failed" traceId= spanId= java.lang.IllegalStateException: java.lang.IllegalStateException: Logback configuration error detected: 
ERROR in ch.qos.logback.core.model.processor.ImplicitModelHandler - Could not create component [filter] of type [ch.qos.logback.classic.filter.MarkerFilter] java.lang.ClassNotFoundException: ch.qos.logback.classic.filter.MarkerFilter
ERROR in ch.qos.logback.core.model.processor.ImplicitModelHandler - Could not create component [filter] of type [ch.qos.logback.classic.filter.MarkerFilter] java.lang.ClassNotFoundException: ch.qos.logback.classic.filter.MarkerFilter
	at org.springframework.boot.context.logging.LoggingApplicationListener.initializeSystem(LoggingApplicationListener.java:347)
	at org.springframework.boot.context.logging.LoggingApplicationListener.initialize(LoggingApplicationListener.java:298)
	at org.springframework.boot.context.logging.LoggingApplicationListener.onApplicationEnvironmentPreparedEvent(LoggingApplicationListener.java:246)
	at org.springframework.boot.context.logging.LoggingApplicationListener.onApplicationEvent(LoggingApplicationListener.java:223)
	at org.springframework.context.event.SimpleApplicationEventMulticaster.doInvokeListener(SimpleApplicationEventMulticaster.java:185)
	at org.springframework.context.event.SimpleApplicationEventMulticaster.invokeListener(SimpleApplicationEventMulticaster.java:178)
	at org.springframework.context.event.SimpleApplicationEventMulticaster.multicastEvent(SimpleApplicationEventMulticaster.java:156)
	at org.springframework.context.event.SimpleApplicationEventMulticaster.multicastEvent(SimpleApplicationEventMulticaster.java:138)
	at org.springframework.boot.context.event.EventPublishingRunListener.multicastInitialEvent(EventPublishingRunListener.java:136)
	at org.springframework.boot.context.event.EventPublishingRunListener.environmentPrepared(EventPublishingRunListener.java:81)
	at org.springframework.boot.SpringApplicationRunListeners.lambda$environmentPrepared$2(SpringApplicationRunListeners.java:64)
	at java.base/java.lang.Iterable.forEach(Iterable.java:75)
	at org.springframework.boot.SpringApplicationRunListeners.doWithListeners(SpringApplicationRunListeners.java:118)
	at org.springframework.boot.SpringApplicationRunListeners.doWithListeners(SpringApplicationRunListeners.java:112)
	at org.springframework.boot.SpringApplicationRunListeners.environmentPrepared(SpringApplicationRunListeners.java:63)
	at org.springframework.boot.SpringApplication.prepareEnvironment(SpringApplication.java:353)
	at org.springframework.boot.SpringApplication.run(SpringApplication.java:313)
	at org.springframework.boot.SpringApplication.run(SpringApplication.java:1361)
	at org.springframework.boot.SpringApplication.run(SpringApplication.java:1350)
	at com.shop.userservice.UserServiceApplication.main(UserServiceApplication.java:10)
Caused by: java.lang.IllegalStateException: Logback configuration error detected: 
ERROR in ch.qos.logback.core.model.processor.ImplicitModelHandler - Could not create component [filter] of type [ch.qos.logback.classic.filter.MarkerFilter] java.lang.ClassNotFoundException: ch.qos.logback.classic.filter.MarkerFilter
ERROR in ch.qos.logback.core.model.processor.ImplicitModelHandler - Could not create component [filter] of type [ch.qos.logback.classic.filter.MarkerFilter] java.lang.ClassNotFoundException: ch.qos.logback.classic.filter.MarkerFilter
	at org.springframework.boot.logging.logback.LogbackLoggingSystem.reportConfigurationErrorsIfNecessary(LogbackLoggingSystem.java:289)
	at org.springframework.boot.logging.logback.LogbackLoggingSystem.loadConfiguration(LogbackLoggingSystem.java:267)
	at org.springframework.boot.logging.AbstractLoggingSystem.initializeWithConventions(AbstractLoggingSystem.java:81)
	at org.springframework.boot.logging.AbstractLoggingSystem.initialize(AbstractLoggingSystem.java:61)
	at org.springframework.boot.logging.logback.LogbackLoggingSystem.initialize(LogbackLoggingSystem.java:195)
	at org.springframework.boot.context.logging.LoggingApplicationListener.initializeSystem(LoggingApplicationListener.java:332)
	... 19 common frames omitted
	Suppressed: java.lang.ClassNotFoundException: ch.qos.logback.classic.filter.MarkerFilter
		at java.base/jdk.internal.loader.BuiltinClassLoader.loadClass(BuiltinClassLoader.java:641)
		at java.base/jdk.internal.loader.ClassLoaders$AppClassLoader.loadClass(ClassLoaders.java:188)
		at java.base/java.lang.ClassLoader.loadClass(ClassLoader.java:525)
		at ch.qos.logback.core.util.Loader.loadClass(Loader.java:116)
		at ch.qos.logback.core.model.processor.ImplicitModelHandler.doComplex(ImplicitModelHandler.java:134)
		at ch.qos.logback.core.model.processor.ImplicitModelHandler.handle(ImplicitModelHandler.java:94)
		at ch.qos.logback.core.model.processor.DefaultProcessor.secondPhaseTraverse(DefaultProcessor.java:241)
		at ch.qos.logback.core.model.processor.DefaultProcessor.secondPhaseTraverse(DefaultProcessor.java:253)
		at ch.qos.logback.core.model.processor.DefaultProcessor.secondPhaseTraverse(DefaultProcessor.java:253)
		at ch.qos.logback.core.model.processor.DefaultProcessor.traversalLoop(DefaultProcessor.java:90)
		at ch.qos.logback.core.model.processor.DefaultProcessor.process(DefaultProcessor.java:106)
		at ch.qos.logback.core.joran.GenericXMLConfigurator.processModel(GenericXMLConfigurator.java:222)
		at ch.qos.logback.core.joran.GenericXMLConfigurator.doConfigure(GenericXMLConfigurator.java:178)
		at ch.qos.logback.core.joran.GenericXMLConfigurator.doConfigure(GenericXMLConfigurator.java:123)
		at ch.qos.logback.core.joran.GenericXMLConfigurator.doConfigure(GenericXMLConfigurator.java:66)
		at ch.qos.logback.classic.util.DefaultJoranConfigurator.configureByResource(DefaultJoranConfigurator.java:68)
		at ch.qos.logback.classic.util.DefaultJoranConfigurator.configure(DefaultJoranConfigurator.java:35)
		at ch.qos.logback.classic.util.ContextInitializer.invokeConfigure(ContextInitializer.java:142)
		at ch.qos.logback.classic.util.ContextInitializer.autoConfig(ContextInitializer.java:101)
		at ch.qos.logback.classic.util.ContextInitializer.autoConfig(ContextInitializer.java:67)
		at ch.qos.logback.classic.spi.LogbackServiceProvider.initializeLoggerContext(LogbackServiceProvider.java:51)
		at ch.qos.logback.classic.spi.LogbackServiceProvider.initialize(LogbackServiceProvider.java:44)
		at org.slf4j.LoggerFactory.bind(LoggerFactory.java:201)
		at org.slf4j.LoggerFactory.performInitialization(LoggerFactory.java:187)
		at org.slf4j.LoggerFactory.getProvider(LoggerFactory.java:511)
		at org.slf4j.LoggerFactory.getILoggerFactory(LoggerFactory.java:497)
		at org.slf4j.LoggerFactory.getLogger(LoggerFactory.java:446)
		at org.apache.commons.logging.LogAdapter$Slf4jAdapter.createLocationAwareLog(LogAdapter.java:121)
		at org.apache.commons.logging.LogAdapter.createLog(LogAdapter.java:95)
		at org.apache.commons.logging.LogFactory.getLog(LogFactory.java:67)
		at org.apache.commons.logging.LogFactory.getLog(LogFactory.java:59)
		at org.springframework.boot.SpringApplication.<clinit>(SpringApplication.java:202)
		... 1 common frames omitted
	Suppressed: java.lang.ClassNotFoundException: ch.qos.logback.classic.filter.MarkerFilter
		at java.base/jdk.internal.loader.BuiltinClassLoader.loadClass(BuiltinClassLoader.java:641)
		at java.base/jdk.internal.loader.ClassLoaders$AppClassLoader.loadClass(ClassLoaders.java:188)
		at java.base/java.lang.ClassLoader.loadClass(ClassLoader.java:525)
		at ch.qos.logback.core.util.Loader.loadClass(Loader.java:116)
		at ch.qos.logback.core.model.processor.ImplicitModelHandler.doComplex(ImplicitModelHandler.java:134)
		at ch.qos.logback.core.model.processor.ImplicitModelHandler.handle(ImplicitModelHandler.java:94)
		at ch.qos.logback.core.model.processor.DefaultProcessor.secondPhaseTraverse(DefaultProcessor.java:241)
		at ch.qos.logback.core.model.processor.DefaultProcessor.secondPhaseTraverse(DefaultProcessor.java:253)
		at ch.qos.logback.core.model.processor.DefaultProcessor.secondPhaseTraverse(DefaultProcessor.java:253)
		at ch.qos.logback.core.model.processor.DefaultProcessor.traversalLoop(DefaultProcessor.java:90)
		at ch.qos.logback.core.model.processor.DefaultProcessor.process(DefaultProcessor.java:106)
		at ch.qos.logback.core.joran.GenericXMLConfigurator.processModel(GenericXMLConfigurator.java:222)
		at org.springframework.boot.logging.logback.SpringBootJoranConfigurator.processModel(SpringBootJoranConfigurator.java:136)
		at ch.qos.logback.core.joran.GenericXMLConfigurator.doConfigure(GenericXMLConfigurator.java:178)
		at ch.qos.logback.core.joran.GenericXMLConfigurator.doConfigure(GenericXMLConfigurator.java:123)
		at ch.qos.logback.core.joran.GenericXMLConfigurator.doConfigure(GenericXMLConfigurator.java:66)
		at org.springframework.boot.logging.logback.LogbackLoggingSystem.configureByResourceUrl(LogbackLoggingSystem.java:298)
		at org.springframework.boot.logging.logback.LogbackLoggingSystem.lambda$loadConfiguration$2(LogbackLoggingSystem.java:260)
		at org.springframework.boot.logging.logback.LogbackLoggingSystem.withLoggingSuppressed(LogbackLoggingSystem.java:481)
		at org.springframework.boot.logging.logback.LogbackLoggingSystem.loadConfiguration(LogbackLoggingSystem.java:252)
		... 23 common frames omitted

2025-08-19 17:00:52,326 level=ERROR marker= logger=o.s.boot.SpringApplication msg="Application run failed" traceId= spanId= java.lang.IllegalStateException: java.lang.IllegalStateException: Logback configuration error detected: 
ERROR in ch.qos.logback.core.model.processor.ImplicitModelHandler - Could not create component [filter] of type [ch.qos.logback.classic.filter.MarkerFilter] java.lang.ClassNotFoundException: ch.qos.logback.classic.filter.MarkerFilter
ERROR in ch.qos.logback.core.model.processor.ImplicitModelHandler - Could not create component [filter] of type [ch.qos.logback.classic.filter.MarkerFilter] java.lang.ClassNotFoundException: ch.qos.logback.classic.filter.MarkerFilter
	at org.springframework.boot.context.logging.LoggingApplicationListener.initializeSystem(LoggingApplicationListener.java:347)
	at org.springframework.boot.context.logging.LoggingApplicationListener.initialize(LoggingApplicationListener.java:298)
	at org.springframework.boot.context.logging.LoggingApplicationListener.onApplicationEnvironmentPreparedEvent(LoggingApplicationListener.java:246)
	at org.springframework.boot.context.logging.LoggingApplicationListener.onApplicationEvent(LoggingApplicationListener.java:223)
	at org.springframework.context.event.SimpleApplicationEventMulticaster.doInvokeListener(SimpleApplicationEventMulticaster.java:185)
	at org.springframework.context.event.SimpleApplicationEventMulticaster.invokeListener(SimpleApplicationEventMulticaster.java:178)
	at org.springframework.context.event.SimpleApplicationEventMulticaster.multicastEvent(SimpleApplicationEventMulticaster.java:156)
	at org.springframework.context.event.SimpleApplicationEventMulticaster.multicastEvent(SimpleApplicationEventMulticaster.java:138)
	at org.springframework.boot.context.event.EventPublishingRunListener.multicastInitialEvent(EventPublishingRunListener.java:136)
	at org.springframework.boot.context.event.EventPublishingRunListener.environmentPrepared(EventPublishingRunListener.java:81)
	at org.springframework.boot.SpringApplicationRunListeners.lambda$environmentPrepared$2(SpringApplicationRunListeners.java:64)
	at java.base/java.lang.Iterable.forEach(Iterable.java:75)
	at org.springframework.boot.SpringApplicationRunListeners.doWithListeners(SpringApplicationRunListeners.java:118)
	at org.springframework.boot.SpringApplicationRunListeners.doWithListeners(SpringApplicationRunListeners.java:112)
	at org.springframework.boot.SpringApplicationRunListeners.environmentPrepared(SpringApplicationRunListeners.java:63)
	at org.springframework.boot.SpringApplication.prepareEnvironment(SpringApplication.java:353)
	at org.springframework.boot.SpringApplication.run(SpringApplication.java:313)
	at org.springframework.boot.SpringApplication.run(SpringApplication.java:1361)
	at org.springframework.boot.SpringApplication.run(SpringApplication.java:1350)
	at com.shop.userservice.UserServiceApplication.main(UserServiceApplication.java:10)
Caused by: java.lang.IllegalStateException: Logback configuration error detected: 
ERROR in ch.qos.logback.core.model.processor.ImplicitModelHandler - Could not create component [filter] of type [ch.qos.logback.classic.filter.MarkerFilter] java.lang.ClassNotFoundException: ch.qos.logback.classic.filter.MarkerFilter
ERROR in ch.qos.logback.core.model.processor.ImplicitModelHandler - Could not create component [filter] of type [ch.qos.logback.classic.filter.MarkerFilter] java.lang.ClassNotFoundException: ch.qos.logback.classic.filter.MarkerFilter
	at org.springframework.boot.logging.logback.LogbackLoggingSystem.reportConfigurationErrorsIfNecessary(LogbackLoggingSystem.java:289)
	at org.springframework.boot.logging.logback.LogbackLoggingSystem.loadConfiguration(LogbackLoggingSystem.java:267)
	at org.springframework.boot.logging.AbstractLoggingSystem.initializeWithConventions(AbstractLoggingSystem.java:81)
	at org.springframework.boot.logging.AbstractLoggingSystem.initialize(AbstractLoggingSystem.java:61)
	at org.springframework.boot.logging.logback.LogbackLoggingSystem.initialize(LogbackLoggingSystem.java:195)
	at org.springframework.boot.context.logging.LoggingApplicationListener.initializeSystem(LoggingApplicationListener.java:332)
	... 19 common frames omitted
	Suppressed: java.lang.ClassNotFoundException: ch.qos.logback.classic.filter.MarkerFilter
		at java.base/jdk.internal.loader.BuiltinClassLoader.loadClass(BuiltinClassLoader.java:641)
		at java.base/jdk.internal.loader.ClassLoaders$AppClassLoader.loadClass(ClassLoaders.java:188)
		at java.base/java.lang.ClassLoader.loadClass(ClassLoader.java:525)
		at ch.qos.logback.core.util.Loader.loadClass(Loader.java:116)
		at ch.qos.logback.core.model.processor.ImplicitModelHandler.doComplex(ImplicitModelHandler.java:134)
		at ch.qos.logback.core.model.processor.ImplicitModelHandler.handle(ImplicitModelHandler.java:94)
		at ch.qos.logback.core.model.processor.DefaultProcessor.secondPhaseTraverse(DefaultProcessor.java:241)
		at ch.qos.logback.core.model.processor.DefaultProcessor.secondPhaseTraverse(DefaultProcessor.java:253)
		at ch.qos.logback.core.model.processor.DefaultProcessor.secondPhaseTraverse(DefaultProcessor.java:253)
		at ch.qos.logback.core.model.processor.DefaultProcessor.traversalLoop(DefaultProcessor.java:90)
		at ch.qos.logback.core.model.processor.DefaultProcessor.process(DefaultProcessor.java:106)
		at ch.qos.logback.core.joran.GenericXMLConfigurator.processModel(GenericXMLConfigurator.java:222)
		at ch.qos.logback.core.joran.GenericXMLConfigurator.doConfigure(GenericXMLConfigurator.java:178)
		at ch.qos.logback.core.joran.GenericXMLConfigurator.doConfigure(GenericXMLConfigurator.java:123)
		at ch.qos.logback.core.joran.GenericXMLConfigurator.doConfigure(GenericXMLConfigurator.java:66)
		at ch.qos.logback.classic.util.DefaultJoranConfigurator.configureByResource(DefaultJoranConfigurator.java:68)
		at ch.qos.logback.classic.util.DefaultJoranConfigurator.configure(DefaultJoranConfigurator.java:35)
		at ch.qos.logback.classic.util.ContextInitializer.invokeConfigure(ContextInitializer.java:142)
		at ch.qos.logback.classic.util.ContextInitializer.autoConfig(ContextInitializer.java:101)
		at ch.qos.logback.classic.util.ContextInitializer.autoConfig(ContextInitializer.java:67)
		at ch.qos.logback.classic.spi.LogbackServiceProvider.initializeLoggerContext(LogbackServiceProvider.java:51)
		at ch.qos.logback.classic.spi.LogbackServiceProvider.initialize(LogbackServiceProvider.java:44)
		at org.slf4j.LoggerFactory.bind(LoggerFactory.java:201)
		at org.slf4j.LoggerFactory.performInitialization(LoggerFactory.java:187)
		at org.slf4j.LoggerFactory.getProvider(LoggerFactory.java:511)
		at org.slf4j.LoggerFactory.getILoggerFactory(LoggerFactory.java:497)
		at org.slf4j.LoggerFactory.getLogger(LoggerFactory.java:446)
		at org.apache.commons.logging.LogAdapter$Slf4jAdapter.createLocationAwareLog(LogAdapter.java:121)
		at org.apache.commons.logging.LogAdapter.createLog(LogAdapter.java:95)
		at org.apache.commons.logging.LogFactory.getLog(LogFactory.java:67)
		at org.apache.commons.logging.LogFactory.getLog(LogFactory.java:59)
		at org.springframework.boot.SpringApplication.<clinit>(SpringApplication.java:202)
		... 1 common frames omitted
	Suppressed: java.lang.ClassNotFoundException: ch.qos.logback.classic.filter.MarkerFilter
		at java.base/jdk.internal.loader.BuiltinClassLoader.loadClass(BuiltinClassLoader.java:641)
		at java.base/jdk.internal.loader.ClassLoaders$AppClassLoader.loadClass(ClassLoaders.java:188)
		at java.base/java.lang.ClassLoader.loadClass(ClassLoader.java:525)
		at ch.qos.logback.core.util.Loader.loadClass(Loader.java:116)
		at ch.qos.logback.core.model.processor.ImplicitModelHandler.doComplex(ImplicitModelHandler.java:134)
		at ch.qos.logback.core.model.processor.ImplicitModelHandler.handle(ImplicitModelHandler.java:94)
		at ch.qos.logback.core.model.processor.DefaultProcessor.secondPhaseTraverse(DefaultProcessor.java:241)
		at ch.qos.logback.core.model.processor.DefaultProcessor.secondPhaseTraverse(DefaultProcessor.java:253)
		at ch.qos.logback.core.model.processor.DefaultProcessor.secondPhaseTraverse(DefaultProcessor.java:253)
		at ch.qos.logback.core.model.processor.DefaultProcessor.traversalLoop(DefaultProcessor.java:90)
		at ch.qos.logback.core.model.processor.DefaultProcessor.process(DefaultProcessor.java:106)
		at ch.qos.logback.core.joran.GenericXMLConfigurator.processModel(GenericXMLConfigurator.java:222)
		at org.springframework.boot.logging.logback.SpringBootJoranConfigurator.processModel(SpringBootJoranConfigurator.java:136)
		at ch.qos.logback.core.joran.GenericXMLConfigurator.doConfigure(GenericXMLConfigurator.java:178)
		at ch.qos.logback.core.joran.GenericXMLConfigurator.doConfigure(GenericXMLConfigurator.java:123)
		at ch.qos.logback.core.joran.GenericXMLConfigurator.doConfigure(GenericXMLConfigurator.java:66)
		at org.springframework.boot.logging.logback.LogbackLoggingSystem.configureByResourceUrl(LogbackLoggingSystem.java:298)
		at org.springframework.boot.logging.logback.LogbackLoggingSystem.lambda$loadConfiguration$2(LogbackLoggingSystem.java:260)
		at org.springframework.boot.logging.logback.LogbackLoggingSystem.withLoggingSuppressed(LogbackLoggingSystem.java:481)
		at org.springframework.boot.logging.logback.LogbackLoggingSystem.loadConfiguration(LogbackLoggingSystem.java:252)
		... 23 common frames omitted

